<?xml version="1.0" encoding="UTF-8" standalone="yes"?><testsuite name="'null' - device: Samsung_Galaxy_S9_free - test report id: 3" tests="2" failures="2" skipped="0" timestamp="2020-01-17T03:06:09.509Z" time="18.368" package="com.netvirta.camerainforgetter"><testcase name="printCameraInfoFront" classname="com.netvirta.camerainforgetter.ExampleInstrumentedTest" time="1.054"><failure>org.junit.ComparisonFailure: expected:&lt;[]&gt; but was:&lt;[CameraInfo(facing=FRONT, id=2, focalLengthMM=[2.92], physicalSize=3.982x2.987, sensorSizePixel=3264x2448, largestImageSize=3264x2448, focalLengthPixelCalculated=2393.4907, model=samsung SM-G960F)]&gt;&#13;
at org.junit.Assert.assertEquals(Assert.java:115)&#13;
at org.junit.Assert.assertEquals(Assert.java:144)&#13;
at com.netvirta.camerainforgetter.ExampleInstrumentedTest.printCameraInfoFront(ExampleInstrumentedTest.kt:41)&#13;
at java.lang.reflect.Method.invoke(Native Method)&#13;
at org.junit.runners.model.FrameworkMethod$1.runReflectiveCall(FrameworkMethod.java:50)&#13;
at org.junit.internal.runners.model.ReflectiveCallable.run(ReflectiveCallable.java:12)&#13;
at org.junit.runners.model.FrameworkMethod.invokeExplosively(FrameworkMethod.java:47)&#13;
at org.junit.internal.runners.statements.InvokeMethod.evaluate(InvokeMethod.java:17)&#13;
at androidx.test.rule.ActivityTestRule$ActivityStatement.evaluate(ActivityTestRule.java:531)&#13;
at org.junit.rules.RunRules.evaluate(RunRules.java:20)&#13;
at org.junit.runners.ParentRunner.runLeaf(ParentRunner.java:325)&#13;
at org.junit.runners.BlockJUnit4ClassRunner.runChild(BlockJUnit4ClassRunner.java:78)&#13;
at org.junit.runners.BlockJUnit4ClassRunner.runChild(BlockJUnit4ClassRunner.java:57)&#13;
at org.junit.runners.ParentRunner$3.run(ParentRunner.java:290)&#13;
at org.junit.runners.ParentRunner$1.schedule(ParentRunner.java:71)&#13;
at org.junit.runners.ParentRunner.runChildren(ParentRunner.java:288)&#13;
at org.junit.runners.ParentRunner.access$000(ParentRunner.java:58)&#13;
at org.junit.runners.ParentRunner$2.evaluate(ParentRunner.java:268)&#13;
at org.junit.runners.ParentRunner.run(ParentRunner.java:363)&#13;
at androidx.test.ext.junit.runners.AndroidJUnit4.run(AndroidJUnit4.java:104)&#13;
at org.junit.runners.Suite.runChild(Suite.java:128)&#13;
at org.junit.runners.Suite.runChild(Suite.java:27)&#13;
at org.junit.runners.ParentRunner$3.run(ParentRunner.java:290)&#13;
at org.junit.runners.ParentRunner$1.schedule(ParentRunner.java:71)&#13;
at org.junit.runners.ParentRunner.runChildren(ParentRunner.java:288)&#13;
at org.junit.runners.ParentRunner.access$000(ParentRunner.java:58)&#13;
at org.junit.runners.ParentRunner$2.evaluate(ParentRunner.java:268)&#13;
at org.junit.runners.ParentRunner.run(ParentRunner.java:363)&#13;
at org.junit.runner.JUnitCore.run(JUnitCore.java:137)&#13;
at org.junit.runner.JUnitCore.run(JUnitCore.java:115)&#13;
at androidx.test.internal.runner.TestExecutor.execute(TestExecutor.java:56)&#13;
at androidx.test.runner.AndroidJUnitRunner.onStart(AndroidJUnitRunner.java:392)&#13;
at android.app.Instrumentation$InstrumentationThread.run(Instrumentation.java:2156)&#13;
</failure></testcase><testcase name="printCameraInfoBack" classname="com.netvirta.camerainforgetter.ExampleInstrumentedTest" time="0.88"><failure>org.junit.ComparisonFailure: expected:&lt;[]&gt; but was:&lt;[CameraInfo(facing=BACK, id=0, focalLengthMM=[4.3], physicalSize=5.645x4.234, sensorSizePixel=4032x3024, largestImageSize=4032x3024, focalLengthPixelCalculated=3071.3198, model=samsung SM-G960F)]&gt;&#13;
at org.junit.Assert.assertEquals(Assert.java:115)&#13;
at org.junit.Assert.assertEquals(Assert.java:144)&#13;
at com.netvirta.camerainforgetter.ExampleInstrumentedTest.printCameraInfoBack(ExampleInstrumentedTest.kt:34)&#13;
at java.lang.reflect.Method.invoke(Native Method)&#13;
at org.junit.runners.model.FrameworkMethod$1.runReflectiveCall(FrameworkMethod.java:50)&#13;
at org.junit.internal.runners.model.ReflectiveCallable.run(ReflectiveCallable.java:12)&#13;
at org.junit.runners.model.FrameworkMethod.invokeExplosively(FrameworkMethod.java:47)&#13;
at org.junit.internal.runners.statements.InvokeMethod.evaluate(InvokeMethod.java:17)&#13;
at androidx.test.rule.ActivityTestRule$ActivityStatement.evaluate(ActivityTestRule.java:531)&#13;
at org.junit.rules.RunRules.evaluate(RunRules.java:20)&#13;
at org.junit.runners.ParentRunner.runLeaf(ParentRunner.java:325)&#13;
at org.junit.runners.BlockJUnit4ClassRunner.runChild(BlockJUnit4ClassRunner.java:78)&#13;
at org.junit.runners.BlockJUnit4ClassRunner.runChild(BlockJUnit4ClassRunner.java:57)&#13;
at org.junit.runners.ParentRunner$3.run(ParentRunner.java:290)&#13;
at org.junit.runners.ParentRunner$1.schedule(ParentRunner.java:71)&#13;
at org.junit.runners.ParentRunner.runChildren(ParentRunner.java:288)&#13;
at org.junit.runners.ParentRunner.access$000(ParentRunner.java:58)&#13;
at org.junit.runners.ParentRunner$2.evaluate(ParentRunner.java:268)&#13;
at org.junit.runners.ParentRunner.run(ParentRunner.java:363)&#13;
at androidx.test.ext.junit.runners.AndroidJUnit4.run(AndroidJUnit4.java:104)&#13;
at org.junit.runners.Suite.runChild(Suite.java:128)&#13;
at org.junit.runners.Suite.runChild(Suite.java:27)&#13;
at org.junit.runners.ParentRunner$3.run(ParentRunner.java:290)&#13;
at org.junit.runners.ParentRunner$1.schedule(ParentRunner.java:71)&#13;
at org.junit.runners.ParentRunner.runChildren(ParentRunner.java:288)&#13;
at org.junit.runners.ParentRunner.access$000(ParentRunner.java:58)&#13;
at org.junit.runners.ParentRunner$2.evaluate(ParentRunner.java:268)&#13;
at org.junit.runners.ParentRunner.run(ParentRunner.java:363)&#13;
at org.junit.runner.JUnitCore.run(JUnitCore.java:137)&#13;
at org.junit.runner.JUnitCore.run(JUnitCore.java:115)&#13;
at androidx.test.internal.runner.TestExecutor.execute(TestExecutor.java:56)&#13;
at androidx.test.runner.AndroidJUnitRunner.onStart(AndroidJUnitRunner.java:392)&#13;
at android.app.Instrumentation$InstrumentationThread.run(Instrumentation.java:2156)&#13;
</failure></testcase></testsuite>